<?xml version="1.0" encoding="UTF-8"?>
<!-- Generated by org.testng.reporters.JUnitXMLReporter -->
<testsuite ignored="0" hostname="DESKTOP-FESDL1F" failures="0" tests="3" name="Surefire test" time="0.098" errors="0" timestamp="2026-01-02T15:17:23 IST">
  <testcase classname="githubPractice.GithubPracticeTest" name="githubPracticeTest" time="0.011"/>
  <testcase classname="jenkinsPracticeTest.JenkinsPracticeTest" name="jenkinsPracticeTest" time="0.002"/>
  <testcase classname="mavenPractice.MavenPracticeTest" name="mavenPracticeTest" time="0.002"/>
</testsuite> <!-- Surefire test -->
