<?xml version="1.0" encoding="UTF-8"?>
<!-- Generated by org.testng.reporters.JUnitXMLReporter -->
<testsuite ignored="0" hostname="DESKTOP-FESDL1F" failures="0" tests="3" name="Test" time="0.092" errors="0" timestamp="2025-12-31T18:14:09 IST">
  <testcase classname="mavenPractice.MavenPracticeTest" name="mavenPracticeTest" time="0.008"/>
  <testcase classname="githubPractice.GithubPracticeTest" name="githubPracticeTest" time="0.003"/>
  <testcase classname="jenkinsPracticeTest.JenkinsPracticeTest" name="jenkinsPracticeTest" time="0.001"/>
</testsuite> <!-- Test -->
