<?xml version="1.0" encoding="UTF-8"?>
<testng-results ignored="0" total="3" passed="3" failed="0" skipped="0">
  <reporter-output>
  </reporter-output>
  <suite started-at="2026-01-02T15:17:23 IST" name="Surefire suite" finished-at="2026-01-02T15:17:23 IST" duration-ms="98">
    <groups>
    </groups>
    <test started-at="2026-01-02T15:17:23 IST" name="Surefire test" finished-at="2026-01-02T15:17:23 IST" duration-ms="98">
      <class name="mavenPractice.MavenPracticeTest">
        <test-method signature="mavenPracticeTest()[pri:0, instance:mavenPractice.MavenPracticeTest@1677d1]" started-at="2026-01-02T15:17:23 IST" name="mavenPracticeTest" finished-at="2026-01-02T15:17:23 IST" duration-ms="2" status="PASS">
          <reporter-output>
          </reporter-output>
        </test-method> <!-- mavenPracticeTest -->
      </class> <!-- mavenPractice.MavenPracticeTest -->
      <class name="githubPractice.GithubPracticeTest">
        <test-method signature="githubPracticeTest()[pri:0, instance:githubPractice.GithubPracticeTest@647fd8ce]" started-at="2026-01-02T15:17:23 IST" name="githubPracticeTest" finished-at="2026-01-02T15:17:23 IST" duration-ms="11" status="PASS">
          <reporter-output>
          </reporter-output>
        </test-method> <!-- githubPracticeTest -->
      </class> <!-- githubPractice.GithubPracticeTest -->
      <class name="jenkinsPracticeTest.JenkinsPracticeTest">
        <test-method signature="jenkinsPracticeTest()[pri:0, instance:jenkinsPracticeTest.JenkinsPracticeTest@7ee955a8]" started-at="2026-01-02T15:17:23 IST" name="jenkinsPracticeTest" finished-at="2026-01-02T15:17:23 IST" duration-ms="2" status="PASS">
          <reporter-output>
          </reporter-output>
        </test-method> <!-- jenkinsPracticeTest -->
      </class> <!-- jenkinsPracticeTest.JenkinsPracticeTest -->
    </test> <!-- Surefire test -->
  </suite> <!-- Surefire suite -->
</testng-results>
